c:\users\maxim\source\repos\apiservice\x64\debug\vc143.pdb
c:\users\maxim\source\repos\apiservice\x64\debug\vc143.idb
c:\users\maxim\source\repos\apiservice\x64\debug\win_service_support.obj
c:\users\maxim\source\repos\apiservice\x64\debug\win_service_core.obj
c:\users\maxim\source\repos\apiservice\x64\debug\scm_installer.obj
c:\users\maxim\source\repos\apiservice\x64\debug\apiservice.obj
c:\users\maxim\source\repos\apiservice\x64\debug\apiservice.pch
c:\users\maxim\source\repos\apiservice\x64\debug\pch.obj
c:\users\maxim\source\repos\apiservice\x64\debug\apiservice.ilk
c:\users\maxim\source\repos\apiservice\x64\debug\apiservice.exe
c:\users\maxim\source\repos\apiservice\x64\debug\apiservice.pdb
c:\users\maxim\source\repos\apiservice\x64\debug\apiservice.res
c:\users\maxim\source\repos\apiservice\x64\debug\mqoa.tli
c:\users\maxim\source\repos\apiservice\x64\debug\mqoa.tlh
c:\users\maxim\source\repos\apiservice\x64\debug\apiservice.tlog\cl.command.1.tlog
c:\users\maxim\source\repos\apiservice\x64\debug\apiservice.tlog\cl.read.1.tlog
c:\users\maxim\source\repos\apiservice\x64\debug\apiservice.tlog\cl.write.1.tlog
c:\users\maxim\source\repos\apiservice\x64\debug\apiservice.tlog\link.24972-cvtres.read.1.tlog
c:\users\maxim\source\repos\apiservice\x64\debug\apiservice.tlog\link.24972-cvtres.write.1.tlog
c:\users\maxim\source\repos\apiservice\x64\debug\apiservice.tlog\link.24972-rc.read.1.tlog
c:\users\maxim\source\repos\apiservice\x64\debug\apiservice.tlog\link.24972-rc.write.1.tlog
c:\users\maxim\source\repos\apiservice\x64\debug\apiservice.tlog\link.24972.read.1.tlog
c:\users\maxim\source\repos\apiservice\x64\debug\apiservice.tlog\link.24972.read.2.tlog
c:\users\maxim\source\repos\apiservice\x64\debug\apiservice.tlog\link.24972.write.1.tlog
c:\users\maxim\source\repos\apiservice\x64\debug\apiservice.tlog\link.command.1.tlog
c:\users\maxim\source\repos\apiservice\x64\debug\apiservice.tlog\link.read.1.tlog
c:\users\maxim\source\repos\apiservice\x64\debug\apiservice.tlog\link.write.1.tlog
c:\users\maxim\source\repos\apiservice\x64\debug\apiservice.tlog\rc.command.1.tlog
c:\users\maxim\source\repos\apiservice\x64\debug\apiservice.tlog\rc.read.1.tlog
c:\users\maxim\source\repos\apiservice\x64\debug\apiservice.tlog\rc.write.1.tlog
